build/outputs/logs/manifest-merger-debug-report.txt
-- Merging decision tree log ---
manifest
ADDED from src\main\AndroidManifest.xml:2:1-149:12
INJECTED from src\main\AndroidManifest.xml:2:1-149:12
INJECTED from src\main\AndroidManifest.xml:2:1-149:12
INJECTED from src\main\AndroidManifest.xml:2:1-149:12
MERGED from [com.amitshekhar.android:debug-db:1.0.6] AndroidManifest.xml:2:1-19:12
MERGED from [me.weishu:free_reflection:1.2.0] AndroidManifest.xml:2:1-11:12
MERGED from [com.android.support:appcompat-v7:22.2.1] AndroidManifest.xml:17:1-24:12
MERGED from [android.arch.paging:runtime:1.0.0-alpha3] AndroidManifest.xml:17:1-24:12
MERGED from [com.android.support:recyclerview-v7:26.1.0] AndroidManifest.xml:17:1-28:12
MERGED from [com.github.lecho:hellocharts-library:1.5.8] AndroidManifest.xml:2:1-11:12
MERGED from [com.amitshekhar.android:debug-db-base:1.0.6] AndroidManifest.xml:20:1-32:12
MERGED from [io.reactivex.rxjava2:rxandroid:2.0.1] AndroidManifest.xml:15:1-21:12
MERGED from [com.android.support.constraint:constraint-layout:1.1.3] AndroidManifest.xml:2:1-11:12
MERGED from [android.arch.lifecycle:extensions:1.0.0-beta2] AndroidManifest.xml:17:1-32:12
MERGED from [android.arch.persistence.room:runtime:1.1.1] AndroidManifest.xml:17:1-22:12
MERGED from [android.arch.core:runtime:1.1.1] AndroidManifest.xml:17:1-22:12
MERGED from [com.android.support:support-fragment:26.1.0] AndroidManifest.xml:17:1-31:12
MERGED from [com.android.support:support-core-ui:26.1.0] AndroidManifest.xml:17:1-31:12
MERGED from [com.android.support:support-core-utils:26.1.0] AndroidManifest.xml:17:1-31:12
MERGED from [com.android.support:support-compat:26.1.0] AndroidManifest.xml:17:1-31:12
MERGED from [android.arch.lifecycle:runtime:1.0.0] AndroidManifest.xml:17:1-30:12
MERGED from [android.arch.persistence:db-framework:1.1.1] AndroidManifest.xml:17:1-22:12
MERGED from [android.arch.persistence:db:1.1.1] AndroidManifest.xml:17:1-22:12
INJECTED from src\main\AndroidManifest.xml:2:1-149:12
INJECTED from src\main\AndroidManifest.xml:2:1-149:12
INJECTED from src\main\AndroidManifest.xml:2:1-149:12
	package
		ADDED from src\main\AndroidManifest.xml:3:5-37
		INJECTED from src\main\AndroidManifest.xml
		INJECTED from src\main\AndroidManifest.xml
	android:versionName
		ADDED from src\main\AndroidManifest.xml:5:5-32
		INJECTED from src\main\AndroidManifest.xml
		INJECTED from src\main\AndroidManifest.xml
	xmlns:android
		ADDED from src\main\AndroidManifest.xml:2:11-69
	android:versionCode
		ADDED from src\main\AndroidManifest.xml:4:5-28
		INJECTED from src\main\AndroidManifest.xml
		INJECTED from src\main\AndroidManifest.xml
uses-permission#android.permission.ACCESS_NETWORK_STATE
ADDED from src\main\AndroidManifest.xml:7:5-78
	android:name
		ADDED from src\main\AndroidManifest.xml:7:22-76
uses-permission#android.permission.ACCESS_WIFI_STATE
ADDED from src\main\AndroidManifest.xml:8:5-75
MERGED from [com.amitshekhar.android:debug-db-base:1.0.6] AndroidManifest.xml:30:5-76
MERGED from [com.amitshekhar.android:debug-db-base:1.0.6] AndroidManifest.xml:30:5-76
	android:name
		ADDED from src\main\AndroidManifest.xml:8:22-73
uses-permission#android.permission.CHANGE_WIFI_MULTICAST_STATE
ADDED from src\main\AndroidManifest.xml:9:5-85
	android:name
		ADDED from src\main\AndroidManifest.xml:9:22-83
uses-permission#android.permission.READ_PHONE_STATE
ADDED from src\main\AndroidManifest.xml:10:5-74
	android:name
		ADDED from src\main\AndroidManifest.xml:10:22-72
uses-permission#android.permission.ACCESS_COARSE_LOCATION
ADDED from src\main\AndroidManifest.xml:11:5-80
	android:name
		ADDED from src\main\AndroidManifest.xml:11:22-78
uses-permission#android.permission.ACCESS_FINE_LOCATION
ADDED from src\main\AndroidManifest.xml:12:5-78
	android:name
		ADDED from src\main\AndroidManifest.xml:12:22-76
uses-permission#android.permission.INTERNET
ADDED from src\main\AndroidManifest.xml:13:5-66
MERGED from [com.amitshekhar.android:debug-db-base:1.0.6] AndroidManifest.xml:29:5-67
MERGED from [com.amitshekhar.android:debug-db-base:1.0.6] AndroidManifest.xml:29:5-67
	android:name
		ADDED from src\main\AndroidManifest.xml:13:22-64
uses-permission#android.permission.WAKE_LOCK
ADDED from src\main\AndroidManifest.xml:15:5-67
	android:name
		ADDED from src\main\AndroidManifest.xml:15:22-65
uses-permission#android.permission.DISABLE_KEYGUARD
ADDED from src\main\AndroidManifest.xml:17:5-75
	android:name
		ADDED from src\main\AndroidManifest.xml:17:22-72
uses-permission#android.permission.RECEIVE_BOOT_COMPLETED
ADDED from src\main\AndroidManifest.xml:20:5-81
	android:name
		ADDED from src\main\AndroidManifest.xml:20:22-78
uses-permission#android.permission.MOUNT_UNMOUNT_FILESYSTEMS
ADDED from src\main\AndroidManifest.xml:22:5-84
	android:name
		ADDED from src\main\AndroidManifest.xml:22:22-81
uses-permission#android.permission.WRITE_EXTERNAL_STORAGE
ADDED from src\main\AndroidManifest.xml:24:5-81
	android:name
		ADDED from src\main\AndroidManifest.xml:24:22-78
uses-permission#android.permission.READ_EXTERNAL_STORAGE
ADDED from src\main\AndroidManifest.xml:26:5-80
	android:name
		ADDED from src\main\AndroidManifest.xml:26:22-77
application
ADDED from src\main\AndroidManifest.xml:29:5-147:19
MERGED from [com.amitshekhar.android:debug-db:1.0.6] AndroidManifest.xml:11:5-17:19
MERGED from [com.amitshekhar.android:debug-db:1.0.6] AndroidManifest.xml:11:5-17:19
MERGED from [com.android.support:appcompat-v7:22.2.1] AndroidManifest.xml:22:5-20
MERGED from [com.android.support:appcompat-v7:22.2.1] AndroidManifest.xml:22:5-20
MERGED from [com.android.support:recyclerview-v7:26.1.0] AndroidManifest.xml:22:5-26:19
MERGED from [com.android.support:recyclerview-v7:26.1.0] AndroidManifest.xml:22:5-26:19
MERGED from [com.android.support.constraint:constraint-layout:1.1.3] AndroidManifest.xml:9:5-20
MERGED from [com.android.support.constraint:constraint-layout:1.1.3] AndroidManifest.xml:9:5-20
MERGED from [android.arch.lifecycle:extensions:1.0.0-beta2] AndroidManifest.xml:24:5-30:19
MERGED from [android.arch.lifecycle:extensions:1.0.0-beta2] AndroidManifest.xml:24:5-30:19
MERGED from [com.android.support:support-fragment:26.1.0] AndroidManifest.xml:25:5-29:19
MERGED from [com.android.support:support-fragment:26.1.0] AndroidManifest.xml:25:5-29:19
MERGED from [com.android.support:support-core-ui:26.1.0] AndroidManifest.xml:25:5-29:19
MERGED from [com.android.support:support-core-ui:26.1.0] AndroidManifest.xml:25:5-29:19
MERGED from [com.android.support:support-core-utils:26.1.0] AndroidManifest.xml:25:5-29:19
MERGED from [com.android.support:support-core-utils:26.1.0] AndroidManifest.xml:25:5-29:19
MERGED from [com.android.support:support-compat:26.1.0] AndroidManifest.xml:25:5-29:19
MERGED from [com.android.support:support-compat:26.1.0] AndroidManifest.xml:25:5-29:19
MERGED from [android.arch.lifecycle:runtime:1.0.0] AndroidManifest.xml:24:5-28:19
MERGED from [android.arch.lifecycle:runtime:1.0.0] AndroidManifest.xml:24:5-28:19
	android:label
		ADDED from src\main\AndroidManifest.xml:32:9-31
	android:persistent
		ADDED from src\main\AndroidManifest.xml:34:9-34
	android:icon
		ADDED from src\main\AndroidManifest.xml:31:9-38
	android:allowBackup
		ADDED from src\main\AndroidManifest.xml:30:9-35
	android:theme
		ADDED from src\main\AndroidManifest.xml:35:9-40
	android:name
		ADDED from src\main\AndroidManifest.xml:33:9-50
service#com.baidu.location.f
ADDED from src\main\AndroidManifest.xml:38:9-42:19
	android:process
		ADDED from src\main\AndroidManifest.xml:41:13-38
	android:enabled
		ADDED from src\main\AndroidManifest.xml:40:13-35
	android:name
		ADDED from src\main\AndroidManifest.xml:39:13-48
meta-data#com.baidu.lbsapi.API_KEY
ADDED from src\main\AndroidManifest.xml:45:9-47:64
	android:value
		ADDED from src\main\AndroidManifest.xml:47:13-61
	android:name
		ADDED from src\main\AndroidManifest.xml:46:13-52
activity#com.beetech.serialport.activity.RealtimeMonitorActivity
ADDED from src\main\AndroidManifest.xml:49:9-60:20
	android:screenOrientation
		ADDED from src\main\AndroidManifest.xml:52:13-50
	android:label
		ADDED from src\main\AndroidManifest.xml:54:13-35
	android:launchMode
		ADDED from src\main\AndroidManifest.xml:55:13-44
	android:configChanges
		ADDED from src\main\AndroidManifest.xml:53:13-63
	android:theme
		ADDED from src\main\AndroidManifest.xml:51:13-44
	android:name
		ADDED from src\main\AndroidManifest.xml:50:13-61
intent-filter#action:name:android.intent.action.MAIN+category:name:android.intent.category.LAUNCHER
ADDED from src\main\AndroidManifest.xml:56:13-59:29
action#android.intent.action.MAIN
ADDED from src\main\AndroidManifest.xml:57:17-69
	android:name
		ADDED from src\main\AndroidManifest.xml:57:25-66
category#android.intent.category.LAUNCHER
ADDED from src\main\AndroidManifest.xml:58:17-77
	android:name
		ADDED from src\main\AndroidManifest.xml:58:27-74
activity#com.beetech.serialport.activity.MainActivity
ADDED from src\main\AndroidManifest.xml:62:9-70:20
	android:screenOrientation
		ADDED from src\main\AndroidManifest.xml:64:13-50
	android:launchMode
		ADDED from src\main\AndroidManifest.xml:66:13-44
	android:configChanges
		ADDED from src\main\AndroidManifest.xml:65:13-63
	android:theme
		ADDED from src\main\AndroidManifest.xml:63:13-44
	android:name
		ADDED from src\main\AndroidManifest.xml:62:19-56
meta-data#update_url
ADDED from src\main\AndroidManifest.xml:67:13-69:87
	android:value
		ADDED from src\main\AndroidManifest.xml:69:17-84
	android:name
		ADDED from src\main\AndroidManifest.xml:68:17-42
activity#com.beetech.serialport.activity.TempLineActivity
ADDED from src\main\AndroidManifest.xml:72:9-76:46
	android:screenOrientation
		ADDED from src\main\AndroidManifest.xml:73:13-50
	android:launchMode
		ADDED from src\main\AndroidManifest.xml:76:13-44
	android:configChanges
		ADDED from src\main\AndroidManifest.xml:74:13-63
	android:theme
		ADDED from src\main\AndroidManifest.xml:75:13-56
	android:name
		ADDED from src\main\AndroidManifest.xml:72:19-60
activity#com.beetech.serialport.activity.SinglePixelActivity
ADDED from src\main\AndroidManifest.xml:78:9-84:58
	android:excludeFromRecents
		ADDED from src\main\AndroidManifest.xml:81:13-46
	android:launchMode
		ADDED from src\main\AndroidManifest.xml:83:13-48
	android:configChanges
		ADDED from src\main\AndroidManifest.xml:80:13-94
	android:theme
		ADDED from src\main\AndroidManifest.xml:84:13-55
	android:finishOnTaskLaunch
		ADDED from src\main\AndroidManifest.xml:82:13-47
	android:name
		ADDED from src\main\AndroidManifest.xml:79:13-57
service#com.beetech.serialport.service.ModuleService
ADDED from src\main\AndroidManifest.xml:86:9-81
	android:enabled
		ADDED from src\main\AndroidManifest.xml:86:18-40
	android:name
		ADDED from src\main\AndroidManifest.xml:86:41-78
service#com.beetech.serialport.service.JobProtectService
ADDED from src\main\AndroidManifest.xml:87:9-141
	android:enabled
		ADDED from src\main\AndroidManifest.xml:87:18-40
	android:permission
		ADDED from src\main\AndroidManifest.xml:87:83-139
	android:name
		ADDED from src\main\AndroidManifest.xml:87:41-82
service#com.beetech.serialport.service.ModuleService$GrayInnerService
ADDED from src\main\AndroidManifest.xml:89:9-92:39
	android:process
		ADDED from src\main\AndroidManifest.xml:92:13-36
	android:enabled
		ADDED from src\main\AndroidManifest.xml:90:13-35
	android:exported
		ADDED from src\main\AndroidManifest.xml:91:13-37
	android:name
		ADDED from src\main\AndroidManifest.xml:89:18-72
service#com.beetech.serialport.receiver.WakeReceiver$WakeNotifyService
ADDED from src\main\AndroidManifest.xml:94:9-96:40
	android:enabled
		ADDED from src\main\AndroidManifest.xml:95:13-35
	android:exported
		ADDED from src\main\AndroidManifest.xml:96:13-37
	android:name
		ADDED from src\main\AndroidManifest.xml:94:18-73
service#com.beetech.serialport.receiver.WakeReceiver$WakeGrayInnerService
ADDED from src\main\AndroidManifest.xml:98:9-100:40
	android:enabled
		ADDED from src\main\AndroidManifest.xml:99:13-35
	android:exported
		ADDED from src\main\AndroidManifest.xml:100:13-37
	android:name
		ADDED from src\main\AndroidManifest.xml:98:18-76
service#com.beetech.serialport.service.GuardService
ADDED from src\main\AndroidManifest.xml:102:9-105:39
	android:process
		ADDED from src\main\AndroidManifest.xml:105:13-37
	android:enabled
		ADDED from src\main\AndroidManifest.xml:103:13-35
	android:exported
		ADDED from src\main\AndroidManifest.xml:104:13-36
	android:name
		ADDED from src\main\AndroidManifest.xml:102:18-54
service#com.beetech.serialport.service.RemoteService
ADDED from src\main\AndroidManifest.xml:107:9-83
	android:process
		ADDED from src\main\AndroidManifest.xml:107:56-81
	android:name
		ADDED from src\main\AndroidManifest.xml:107:18-55
service#com.beetech.serialport.service.ScreenCheckService
ADDED from src\main\AndroidManifest.xml:108:9-93
	android:process
		ADDED from src\main\AndroidManifest.xml:108:61-91
	android:name
		ADDED from src\main\AndroidManifest.xml:108:18-60
service#com.beetech.serialport.service.PlayerMusicService
ADDED from src\main\AndroidManifest.xml:109:9-112:48
	android:process
		ADDED from src\main\AndroidManifest.xml:112:13-45
	android:enabled
		ADDED from src\main\AndroidManifest.xml:110:13-35
	android:exported
		ADDED from src\main\AndroidManifest.xml:111:13-36
	android:name
		ADDED from src\main\AndroidManifest.xml:109:18-60
receiver#com.beetech.serialport.receiver.AutoStartBroadcastReceiver
ADDED from src\main\AndroidManifest.xml:115:9-120:20
	android:name
		ADDED from src\main\AndroidManifest.xml:115:19-70
intent-filter#action:name:android.intent.action.BOOT_COMPLETED+category:name:android.intent.category.HOME
ADDED from src\main\AndroidManifest.xml:116:13-119:29
action#android.intent.action.BOOT_COMPLETED
ADDED from src\main\AndroidManifest.xml:117:17-79
	android:name
		ADDED from src\main\AndroidManifest.xml:117:25-76
category#android.intent.category.HOME
ADDED from src\main\AndroidManifest.xml:118:17-72
	android:name
		ADDED from src\main\AndroidManifest.xml:118:27-70
receiver#com.beetech.serialport.receiver.WakeReceiver
ADDED from src\main\AndroidManifest.xml:122:9-126:20
	android:enabled
		ADDED from src\main\AndroidManifest.xml:122:57-79
	android:exported
		ADDED from src\main\AndroidManifest.xml:122:80-104
	android:name
		ADDED from src\main\AndroidManifest.xml:122:19-56
intent-filter#action:name:com.beetech.module.receiver.Wake
ADDED from src\main\AndroidManifest.xml:123:13-125:29
action#com.beetech.module.receiver.Wake
ADDED from src\main\AndroidManifest.xml:124:17-75
	android:name
		ADDED from src\main\AndroidManifest.xml:124:25-72
receiver#com.beetech.serialport.receiver.ConnectReceiver
ADDED from src\main\AndroidManifest.xml:128:9-145:20
	android:enabled
		ADDED from src\main\AndroidManifest.xml:130:13-35
	android:exported
		ADDED from src\main\AndroidManifest.xml:131:13-36
	android:name
		ADDED from src\main\AndroidManifest.xml:129:13-53
intent-filter#action:name:com.beetech.module.receiver.CONNECT_SERVICE
ADDED from src\main\AndroidManifest.xml:132:13-134:29
action#com.beetech.module.receiver.CONNECT_SERVICE
ADDED from src\main\AndroidManifest.xml:133:17-85
	android:name
		ADDED from src\main\AndroidManifest.xml:133:25-83
intent-filter#action:name:android.intent.action.BOOT_COMPLETED+action:name:android.intent.action.USER_PRESENT
ADDED from src\main\AndroidManifest.xml:135:13-138:29
action#android.intent.action.USER_PRESENT
ADDED from src\main\AndroidManifest.xml:136:17-76
	android:name
		ADDED from src\main\AndroidManifest.xml:136:25-74
intent-filter#action:name:android.intent.action.PACKAGE_ADDED+action:name:android.intent.action.PACKAGE_REMOVED+data:scheme:package
ADDED from src\main\AndroidManifest.xml:139:13-144:29
action#android.intent.action.PACKAGE_ADDED
ADDED from src\main\AndroidManifest.xml:140:17-77
	android:name
		ADDED from src\main\AndroidManifest.xml:140:25-75
action#android.intent.action.PACKAGE_REMOVED
ADDED from src\main\AndroidManifest.xml:141:17-79
	android:name
		ADDED from src\main\AndroidManifest.xml:141:25-77
data
ADDED from src\main\AndroidManifest.xml:143:17-49
	android:scheme
		ADDED from src\main\AndroidManifest.xml:143:23-47
uses-sdk
INJECTED from src\main\AndroidManifest.xml reason: use-sdk injection requested
INJECTED from src\main\AndroidManifest.xml
INJECTED from src\main\AndroidManifest.xml
MERGED from [com.amitshekhar.android:debug-db:1.0.6] AndroidManifest.xml:7:5-9:41
MERGED from [com.amitshekhar.android:debug-db:1.0.6] AndroidManifest.xml:7:5-9:41
MERGED from [me.weishu:free_reflection:1.2.0] AndroidManifest.xml:7:5-9:41
MERGED from [me.weishu:free_reflection:1.2.0] AndroidManifest.xml:7:5-9:41
MERGED from [com.android.support:appcompat-v7:22.2.1] AndroidManifest.xml:20:5-43
MERGED from [com.android.support:appcompat-v7:22.2.1] AndroidManifest.xml:20:5-43
MERGED from [android.arch.paging:runtime:1.0.0-alpha3] AndroidManifest.xml:20:5-22:41
MERGED from [android.arch.paging:runtime:1.0.0-alpha3] AndroidManifest.xml:20:5-22:41
MERGED from [com.android.support:recyclerview-v7:26.1.0] AndroidManifest.xml:20:5-44
MERGED from [com.android.support:recyclerview-v7:26.1.0] AndroidManifest.xml:20:5-44
MERGED from [com.github.lecho:hellocharts-library:1.5.8] AndroidManifest.xml:7:5-9:41
MERGED from [com.github.lecho:hellocharts-library:1.5.8] AndroidManifest.xml:7:5-9:41
MERGED from [com.amitshekhar.android:debug-db-base:1.0.6] AndroidManifest.xml:25:5-27:41
MERGED from [com.amitshekhar.android:debug-db-base:1.0.6] AndroidManifest.xml:25:5-27:41
MERGED from [io.reactivex.rxjava2:rxandroid:2.0.1] AndroidManifest.xml:19:5-43
MERGED from [io.reactivex.rxjava2:rxandroid:2.0.1] AndroidManifest.xml:19:5-43
MERGED from [com.android.support.constraint:constraint-layout:1.1.3] AndroidManifest.xml:5:5-7:41
MERGED from [com.android.support.constraint:constraint-layout:1.1.3] AndroidManifest.xml:5:5-7:41
MERGED from [android.arch.lifecycle:extensions:1.0.0-beta2] AndroidManifest.xml:20:5-22:41
MERGED from [android.arch.lifecycle:extensions:1.0.0-beta2] AndroidManifest.xml:20:5-22:41
MERGED from [android.arch.persistence.room:runtime:1.1.1] AndroidManifest.xml:20:5-44
MERGED from [android.arch.persistence.room:runtime:1.1.1] AndroidManifest.xml:20:5-44
MERGED from [android.arch.core:runtime:1.1.1] AndroidManifest.xml:20:5-44
MERGED from [android.arch.core:runtime:1.1.1] AndroidManifest.xml:20:5-44
MERGED from [com.android.support:support-fragment:26.1.0] AndroidManifest.xml:21:5-23:60
MERGED from [com.android.support:support-fragment:26.1.0] AndroidManifest.xml:21:5-23:60
MERGED from [com.android.support:support-core-ui:26.1.0] AndroidManifest.xml:21:5-23:58
MERGED from [com.android.support:support-core-ui:26.1.0] AndroidManifest.xml:21:5-23:58
MERGED from [com.android.support:support-core-utils:26.1.0] AndroidManifest.xml:21:5-23:61
MERGED from [com.android.support:support-core-utils:26.1.0] AndroidManifest.xml:21:5-23:61
MERGED from [com.android.support:support-compat:26.1.0] AndroidManifest.xml:21:5-23:58
MERGED from [com.android.support:support-compat:26.1.0] AndroidManifest.xml:21:5-23:58
MERGED from [android.arch.lifecycle:runtime:1.0.0] AndroidManifest.xml:20:5-22:41
MERGED from [android.arch.lifecycle:runtime:1.0.0] AndroidManifest.xml:20:5-22:41
MERGED from [android.arch.persistence:db-framework:1.1.1] AndroidManifest.xml:20:5-44
MERGED from [android.arch.persistence:db-framework:1.1.1] AndroidManifest.xml:20:5-44
MERGED from [android.arch.persistence:db:1.1.1] AndroidManifest.xml:20:5-44
MERGED from [android.arch.persistence:db:1.1.1] AndroidManifest.xml:20:5-44
INJECTED from src\main\AndroidManifest.xml
INJECTED from src\main\AndroidManifest.xml
	tools:overrideLibrary
		ADDED from [com.android.support:support-fragment:26.1.0] AndroidManifest.xml:23:9-57
	android:targetSdkVersion
		INJECTED from src\main\AndroidManifest.xml
		ADDED from src\main\AndroidManifest.xml
		INJECTED from src\main\AndroidManifest.xml
	android:minSdkVersion
		INJECTED from src\main\AndroidManifest.xml
		ADDED from src\main\AndroidManifest.xml
		INJECTED from src\main\AndroidManifest.xml
provider#com.amitshekhar.debug.DebugDBInitProvider
ADDED from [com.amitshekhar.android:debug-db:1.0.6] AndroidManifest.xml:12:9-16:40
	android:enabled
		ADDED from [com.amitshekhar.android:debug-db:1.0.6] AndroidManifest.xml:15:13-35
	android:authorities
		ADDED from [com.amitshekhar.android:debug-db:1.0.6] AndroidManifest.xml:14:13-71
	android:exported
		ADDED from [com.amitshekhar.android:debug-db:1.0.6] AndroidManifest.xml:16:13-37
	android:name
		ADDED from [com.amitshekhar.android:debug-db:1.0.6] AndroidManifest.xml:13:13-69
meta-data#android.support.VERSION
ADDED from [com.android.support:recyclerview-v7:26.1.0] AndroidManifest.xml:23:9-25:38
MERGED from [com.android.support:support-fragment:26.1.0] AndroidManifest.xml:26:9-28:38
MERGED from [com.android.support:support-fragment:26.1.0] AndroidManifest.xml:26:9-28:38
MERGED from [com.android.support:support-core-ui:26.1.0] AndroidManifest.xml:26:9-28:38
MERGED from [com.android.support:support-core-ui:26.1.0] AndroidManifest.xml:26:9-28:38
MERGED from [com.android.support:support-core-utils:26.1.0] AndroidManifest.xml:26:9-28:38
MERGED from [com.android.support:support-core-utils:26.1.0] AndroidManifest.xml:26:9-28:38
MERGED from [com.android.support:support-compat:26.1.0] AndroidManifest.xml:26:9-28:38
MERGED from [com.android.support:support-compat:26.1.0] AndroidManifest.xml:26:9-28:38
	android:value
		ADDED from [com.android.support:recyclerview-v7:26.1.0] AndroidManifest.xml:25:13-35
	android:name
		ADDED from [com.android.support:recyclerview-v7:26.1.0] AndroidManifest.xml:24:13-51
provider#android.arch.lifecycle.LifecycleRuntimeTrojanProvider
ADDED from [android.arch.lifecycle:extensions:1.0.0-beta2] AndroidManifest.xml:25:9-29:43
	android:authorities
		ADDED from [android.arch.lifecycle:extensions:1.0.0-beta2] AndroidManifest.xml:27:13-68
	android:multiprocess
		ADDED from [android.arch.lifecycle:extensions:1.0.0-beta2] AndroidManifest.xml:29:13-40
	android:exported
		ADDED from [android.arch.lifecycle:extensions:1.0.0-beta2] AndroidManifest.xml:28:13-37
	android:name
		ADDED from [android.arch.lifecycle:extensions:1.0.0-beta2] AndroidManifest.xml:26:13-81
meta-data#android.arch.lifecycle.VERSION
ADDED from [android.arch.lifecycle:runtime:1.0.0] AndroidManifest.xml:25:9-27:47
	android:value
		ADDED from [android.arch.lifecycle:runtime:1.0.0] AndroidManifest.xml:27:13-44
	android:name
		ADDED from [android.arch.lifecycle:runtime:1.0.0] AndroidManifest.xml:26:13-58